<?xml version="1.0" encoding="UTF-8"?>
<testsuite xmlns:xsi="http://www.w3.org/2001/XMLSchema-instance" xsi:noNamespaceSchemaLocation="https://maven.apache.org/surefire/maven-surefire-plugin/xsd/surefire-test-report-3.0.xsd" version="3.0" name="com.simplilearn.junitorg.ArCalculatorGroupTest$Add" time="0.037" tests="5" errors="0" skipped="0" failures="0">
  <properties>
[...]
</properties>
  <testcase name="testAddPositiveAndNegativeNumbers" classname="com.simplilearn.junitorg.ArCalculatorGroupTest$Add" time="0.002"/>
  <testcase name="testAddPositiveNumbers" classname="com.simplilearn.junitorg.ArCalculatorGroupTest$Add" time="0.003"/>
  <testcase name="testAddNegativeNumbers" classname="com.simplilearn.junitorg.ArCalculatorGroupTest$Add" time="0.004"/>
  <testcase name="testAddZeroPositiveNumbers" classname="com.simplilearn.junitorg.ArCalculatorGroupTest$Add" time="0.005"/>
  <testcase name="testAddZeroNegativeNumbers" classname="com.simplilearn.junitorg.ArCalculatorGroupTest$Add" time="0.003"/>
</testsuite>